mode: set
shorten-url-go/data/repository/repository.go:13.58,15.2 1 1
shorten-url-go/data/repository/repository.go:17.53,19.2 1 1
shorten-url-go/data/repository/repository.go:21.63,23.2 1 1
shorten-url-go/data/repository/repository.go:25.57,27.2 1 1
shorten-url-go/data/repository/repository.go:29.68,31.2 1 1
shorten-url-go/domain/usecase/usecase.go:30.55,32.2 1 1
shorten-url-go/domain/usecase/usecase.go:34.65,35.51 1 1
shorten-url-go/domain/usecase/usecase.go:39.2,40.16 2 1
shorten-url-go/domain/usecase/usecase.go:44.2,58.24 6 1
shorten-url-go/domain/usecase/usecase.go:35.51,37.3 1 1
shorten-url-go/domain/usecase/usecase.go:40.16,42.3 1 1
shorten-url-go/domain/usecase/usecase.go:61.57,63.16 2 1
shorten-url-go/domain/usecase/usecase.go:67.2,69.30 2 1
shorten-url-go/domain/usecase/usecase.go:63.16,65.3 1 1
shorten-url-go/domain/usecase/usecase.go:72.58,74.16 2 1
shorten-url-go/domain/usecase/usecase.go:78.2,78.19 1 1
shorten-url-go/domain/usecase/usecase.go:74.16,76.3 1 1
shorten-url-go/domain/usecase/usecase.go:81.53,83.2 1 1
shorten-url-go/domain/usecase/usecase.go:85.49,87.16 2 1
shorten-url-go/domain/usecase/usecase.go:91.2,92.28 2 1
shorten-url-go/domain/usecase/usecase.go:96.2,96.22 1 1
shorten-url-go/domain/usecase/usecase.go:87.16,89.3 1 0
shorten-url-go/domain/usecase/usecase.go:92.28,94.3 1 1
shorten-url-go/domain/usecase/generator.go:16.32,23.23 3 1
shorten-url-go/domain/usecase/generator.go:27.2,27.22 1 1
shorten-url-go/domain/usecase/generator.go:23.23,25.3 1 1
shorten-url-go/infrastructure/memory/url.go:13.36,15.2 1 1
shorten-url-go/infrastructure/memory/url.go:17.53,21.2 2 1
shorten-url-go/infrastructure/memory/url.go:23.51,24.37 1 1
shorten-url-go/infrastructure/memory/url.go:28.2,28.35 1 1
shorten-url-go/infrastructure/memory/url.go:24.37,26.3 1 1
shorten-url-go/infrastructure/memory/url.go:31.46,34.29 2 1
shorten-url-go/infrastructure/memory/url.go:38.2,38.18 1 1
shorten-url-go/infrastructure/memory/url.go:34.29,36.3 1 1
shorten-url-go/infrastructure/memory/url.go:41.59,43.30 1 1
shorten-url-go/infrastructure/memory/url.go:49.2,49.34 1 1
shorten-url-go/infrastructure/memory/url.go:43.30,44.30 1 1
shorten-url-go/infrastructure/memory/url.go:44.30,46.4 1 1
shorten-url-go/data/controller/url_controller.go:22.62,24.2 1 1
shorten-url-go/data/controller/url_controller.go:26.36,31.2 4 1
shorten-url-go/data/controller/url_controller.go:33.44,39.49 4 1
shorten-url-go/data/controller/url_controller.go:44.2,45.16 2 1
shorten-url-go/data/controller/url_controller.go:50.2,50.74 1 1
shorten-url-go/data/controller/url_controller.go:39.49,42.3 2 1
shorten-url-go/data/controller/url_controller.go:45.16,48.3 2 1
shorten-url-go/data/controller/url_controller.go:53.46,59.16 4 1
shorten-url-go/data/controller/url_controller.go:64.2,64.65 1 1
shorten-url-go/data/controller/url_controller.go:59.16,62.3 2 1
shorten-url-go/data/controller/url_controller.go:67.47,73.16 4 1
shorten-url-go/data/controller/url_controller.go:78.2,80.50 2 1
shorten-url-go/data/controller/url_controller.go:73.16,76.3 2 1
shorten-url-go/data/controller/url_controller.go:83.48,87.16 3 1
shorten-url-go/data/controller/url_controller.go:92.2,94.50 2 1
shorten-url-go/data/controller/url_controller.go:87.16,90.3 2 1
